<?xml version="1.0" encoding="UTF-8"?>
<testsuite name="com.gdsc.festivalholic.FestivalHolicApplicationTests" tests="1" skipped="0" failures="0" errors="0" timestamp="2023-10-08T12:10:22" hostname="jeonchanghaui-noteubug.local" time="0.291">
  <properties/>
  <testcase name="contextLoads()" classname="com.gdsc.festivalholic.FestivalHolicApplicationTests" time="0.291"/>
  <system-out><![CDATA[21:10:21.066 [Test worker] DEBUG org.springframework.boot.test.context.SpringBootTestContextBootstrapper -- Neither @ContextConfiguration nor @ContextHierarchy found for test class [FestivalHolicApplicationTests]: using SpringBootContextLoader
21:10:21.069 [Test worker] DEBUG org.springframework.test.context.support.AbstractContextLoader -- Could not detect default resource locations for test class [com.gdsc.festivalholic.FestivalHolicApplicationTests]: no resource found for suffixes {-context.xml, Context.groovy}.
21:10:21.069 [Test worker] INFO org.springframework.test.context.support.AnnotationConfigContextLoaderUtils -- Could not detect default configuration classes for test class [com.gdsc.festivalholic.FestivalHolicApplicationTests]: FestivalHolicApplicationTests does not declare any static, non-private, non-final, nested classes annotated with @Configuration.
21:10:21.080 [Test worker] DEBUG org.springframework.boot.test.context.SpringBootTestContextBootstrapper -- Using ContextCustomizers for test class [FestivalHolicApplicationTests]: [DisableObservabilityContextCustomizer, PropertyMappingContextCustomizer, WebDriverContextCustomizer, ExcludeFilterContextCustomizer, DuplicateJsonObjectContextCustomizer, MockitoContextCustomizer, TestRestTemplateContextCustomizer]
21:10:21.130 [Test worker] DEBUG org.springframework.context.annotation.ClassPathScanningCandidateComponentProvider -- Identified candidate component class: file [/Users/changha/Documents/gdsc/festival-holic/build/classes/java/main/com/gdsc/festivalholic/FestivalHolicApplication.class]
21:10:21.131 [Test worker] INFO org.springframework.boot.test.context.SpringBootTestContextBootstrapper -- Found @SpringBootConfiguration com.gdsc.festivalholic.FestivalHolicApplication for test class com.gdsc.festivalholic.FestivalHolicApplicationTests
21:10:21.190 [Test worker] DEBUG org.springframework.test.context.util.TestContextSpringFactoriesUtils -- Skipping candidate TestExecutionListener [org.springframework.test.context.observation.MicrometerObservationRegistryTestExecutionListener] due to a missing dependency. Specify custom TestExecutionListener classes or make the default TestExecutionListener classes and their required dependencies available. Offending class: io.micrometer.context.ThreadLocalAccessor. MicrometerObservationRegistryTestExecutionListener requires io.micrometer:micrometer-observation:1.10.8 or higher and io.micrometer:context-propagation:1.0.3 or higher.
21:10:21.191 [Test worker] DEBUG org.springframework.test.context.util.TestContextSpringFactoriesUtils -- Skipping candidate TestExecutionListener [org.springframework.test.context.transaction.TransactionalTestExecutionListener] due to a missing dependency. Specify custom TestExecutionListener classes or make the default TestExecutionListener classes and their required dependencies available. Offending class: org/springframework/transaction/interceptor/TransactionAttributeSource
21:10:21.192 [Test worker] DEBUG org.springframework.test.context.util.TestContextSpringFactoriesUtils -- Skipping candidate TestExecutionListener [org.springframework.test.context.jdbc.SqlScriptsTestExecutionListener] due to a missing dependency. Specify custom TestExecutionListener classes or make the default TestExecutionListener classes and their required dependencies available. Offending class: org/springframework/transaction/interceptor/TransactionAttribute
21:10:21.193 [Test worker] DEBUG org.springframework.boot.test.context.SpringBootTestContextBootstrapper -- Using TestExecutionListeners for test class [FestivalHolicApplicationTests]: [ServletTestExecutionListener, DirtiesContextBeforeModesTestExecutionListener, ApplicationEventsTestExecutionListener, MockitoTestExecutionListener, DependencyInjectionTestExecutionListener, DirtiesContextTestExecutionListener, EventPublishingTestExecutionListener, RestDocsTestExecutionListener, MockRestServiceServerResetTestExecutionListener, MockMvcPrintOnlyOnFailureTestExecutionListener, WebDriverTestExecutionListener, MockWebServiceServerTestExecutionListener, ResetMocksTestExecutionListener]
21:10:21.194 [Test worker] DEBUG org.springframework.test.context.support.DirtiesContextBeforeModesTestExecutionListener -- Before test class: class [FestivalHolicApplicationTests], class annotated with @DirtiesContext [false] with mode [null]

  .   ____          _            __ _ _
 /\\ / ___'_ __ _ _(_)_ __  __ _ \ \ \ \
( ( )\___ | '_ | '_| | '_ \/ _` | \ \ \ \
 \\/  ___)| |_)| | | | | || (_| |  ) ) ) )
  '  |____| .__|_| |_|_| |_\__, | / / / /
 =========|_|==============|___/=/_/_/_/
 :: Spring Boot ::               (v3.0.11)

2023-10-08T21:10:21.394+09:00  INFO 73835 --- [    Test worker] c.g.f.FestivalHolicApplicationTests      : Starting FestivalHolicApplicationTests using Java 20.0.1 with PID 73835 (started by changha in /Users/changha/Documents/gdsc/festival-holic)
2023-10-08T21:10:21.395+09:00  INFO 73835 --- [    Test worker] c.g.f.FestivalHolicApplicationTests      : No active profile set, falling back to 1 default profile: "default"
2023-10-08T21:10:22.101+09:00  INFO 73835 --- [    Test worker] c.g.f.FestivalHolicApplicationTests      : Started FestivalHolicApplicationTests in 0.881 seconds (process running for 1.544)
]]></system-out>
  <system-err><![CDATA[]]></system-err>
</testsuite>
