<?xml version="1.0" encoding="UTF-8"?>
<testsuite name="com.gdsc.festivalholic.FestivalHolicApplicationTests" tests="1" skipped="0" failures="0" errors="0" timestamp="2023-11-01T13:19:19" hostname="jeonchanghaui-noteubug.local" time="0.082">
  <properties/>
  <testcase name="contextLoads()" classname="com.gdsc.festivalholic.FestivalHolicApplicationTests" time="0.082"/>
  <system-out><![CDATA[22:19:16.920 [Test worker] DEBUG org.springframework.boot.test.context.SpringBootTestContextBootstrapper -- Neither @ContextConfiguration nor @ContextHierarchy found for test class [FestivalHolicApplicationTests]: using SpringBootContextLoader
22:19:16.923 [Test worker] DEBUG org.springframework.test.context.support.AbstractContextLoader -- Could not detect default resource locations for test class [com.gdsc.festivalholic.FestivalHolicApplicationTests]: no resource found for suffixes {-context.xml, Context.groovy}.
22:19:16.923 [Test worker] INFO org.springframework.test.context.support.AnnotationConfigContextLoaderUtils -- Could not detect default configuration classes for test class [com.gdsc.festivalholic.FestivalHolicApplicationTests]: FestivalHolicApplicationTests does not declare any static, non-private, non-final, nested classes annotated with @Configuration.
22:19:16.936 [Test worker] DEBUG org.springframework.boot.test.context.SpringBootTestContextBootstrapper -- Using ContextCustomizers for test class [FestivalHolicApplicationTests]: [DisableObservabilityContextCustomizer, PropertyMappingContextCustomizer, WebDriverContextCustomizer, ExcludeFilterContextCustomizer, DuplicateJsonObjectContextCustomizer, MockitoContextCustomizer, TestRestTemplateContextCustomizer]
22:19:16.974 [Test worker] DEBUG org.springframework.context.annotation.ClassPathScanningCandidateComponentProvider -- Identified candidate component class: file [/Users/changha/Documents/FH-Server/build/classes/java/main/com/gdsc/festivalholic/FestivalHolicApplication.class]
22:19:16.976 [Test worker] INFO org.springframework.boot.test.context.SpringBootTestContextBootstrapper -- Found @SpringBootConfiguration com.gdsc.festivalholic.FestivalHolicApplication for test class com.gdsc.festivalholic.FestivalHolicApplicationTests
22:19:17.020 [Test worker] DEBUG org.springframework.test.context.util.TestContextSpringFactoriesUtils -- Skipping candidate TestExecutionListener [org.springframework.test.context.observation.MicrometerObservationRegistryTestExecutionListener] due to a missing dependency. Specify custom TestExecutionListener classes or make the default TestExecutionListener classes and their required dependencies available. Offending class: io.micrometer.context.ThreadLocalAccessor. MicrometerObservationRegistryTestExecutionListener requires io.micrometer:micrometer-observation:1.10.8 or higher and io.micrometer:context-propagation:1.0.3 or higher.
22:19:17.024 [Test worker] DEBUG org.springframework.boot.test.context.SpringBootTestContextBootstrapper -- Using TestExecutionListeners for test class [FestivalHolicApplicationTests]: [ServletTestExecutionListener, DirtiesContextBeforeModesTestExecutionListener, ApplicationEventsTestExecutionListener, MockitoTestExecutionListener, DependencyInjectionTestExecutionListener, DirtiesContextTestExecutionListener, TransactionalTestExecutionListener, SqlScriptsTestExecutionListener, EventPublishingTestExecutionListener, RestDocsTestExecutionListener, MockRestServiceServerResetTestExecutionListener, MockMvcPrintOnlyOnFailureTestExecutionListener, WebDriverTestExecutionListener, MockWebServiceServerTestExecutionListener, ResetMocksTestExecutionListener]
22:19:17.025 [Test worker] DEBUG org.springframework.test.context.support.DirtiesContextBeforeModesTestExecutionListener -- Before test class: class [FestivalHolicApplicationTests], class annotated with @DirtiesContext [false] with mode [null]

  .   ____          _            __ _ _
 /\\ / ___'_ __ _ _(_)_ __  __ _ \ \ \ \
( ( )\___ | '_ | '_| | '_ \/ _` | \ \ \ \
 \\/  ___)| |_)| | | | | || (_| |  ) ) ) )
  '  |____| .__|_| |_|_| |_\__, | / / / /
 =========|_|==============|___/=/_/_/_/
 :: Spring Boot ::               (v3.0.11)

2023-11-01T22:19:17.182+09:00  INFO 86348 --- [    Test worker] c.g.f.FestivalHolicApplicationTests      : Starting FestivalHolicApplicationTests using Java 17.0.6 with PID 86348 (started by changha in /Users/changha/Documents/FH-Server)
2023-11-01T22:19:17.183+09:00  INFO 86348 --- [    Test worker] c.g.f.FestivalHolicApplicationTests      : No active profile set, falling back to 1 default profile: "default"
2023-11-01T22:19:17.481+09:00  INFO 86348 --- [    Test worker] .s.d.r.c.RepositoryConfigurationDelegate : Bootstrapping Spring Data JPA repositories in DEFAULT mode.
2023-11-01T22:19:17.520+09:00  INFO 86348 --- [    Test worker] .s.d.r.c.RepositoryConfigurationDelegate : Finished Spring Data repository scanning in 30 ms. Found 5 JPA repository interfaces.
2023-11-01T22:19:17.745+09:00  INFO 86348 --- [    Test worker] o.hibernate.jpa.internal.util.LogHelper  : HHH000204: Processing PersistenceUnitInfo [name: default]
2023-11-01T22:19:17.765+09:00  INFO 86348 --- [    Test worker] org.hibernate.Version                    : HHH000412: Hibernate ORM core version 6.1.7.Final
2023-11-01T22:19:17.889+09:00  INFO 86348 --- [    Test worker] com.zaxxer.hikari.HikariDataSource       : HikariPool-1 - Starting...
2023-11-01T22:19:18.463+09:00  INFO 86348 --- [    Test worker] com.zaxxer.hikari.pool.HikariPool        : HikariPool-1 - Added connection com.mysql.cj.jdbc.ConnectionImpl@1fd37440
2023-11-01T22:19:18.464+09:00  INFO 86348 --- [    Test worker] com.zaxxer.hikari.HikariDataSource       : HikariPool-1 - Start completed.
2023-11-01T22:19:18.475+09:00  WARN 86348 --- [    Test worker] org.hibernate.dialect.Dialect            : HHH000511: The 5.0.0 version for [org.hibernate.dialect.MySQL5Dialect] is no longer supported, hence certain features may not work properly. The minimum supported version is 5.7.0. Check the community dialects project for available legacy versions.
2023-11-01T22:19:18.476+09:00  INFO 86348 --- [    Test worker] SQL dialect                              : HHH000400: Using dialect: org.hibernate.dialect.MySQL5Dialect
2023-11-01T22:19:18.477+09:00  WARN 86348 --- [    Test worker] org.hibernate.orm.deprecation            : HHH90000026: MySQL5Dialect has been deprecated; use org.hibernate.dialect.MySQLDialect instead
2023-11-01T22:19:19.266+09:00  INFO 86348 --- [    Test worker] o.h.e.t.j.p.i.JtaPlatformInitiator       : HHH000490: Using JtaPlatform implementation: [org.hibernate.engine.transaction.jta.platform.internal.NoJtaPlatform]
2023-11-01T22:19:19.272+09:00  INFO 86348 --- [    Test worker] j.LocalContainerEntityManagerFactoryBean : Initialized JPA EntityManagerFactory for persistence unit 'default'
2023-11-01T22:19:19.760+09:00  WARN 86348 --- [    Test worker] JpaBaseConfiguration$JpaWebConfiguration : spring.jpa.open-in-view is enabled by default. Therefore, database queries may be performed during view rendering. Explicitly configure spring.jpa.open-in-view to disable this warning
2023-11-01T22:19:19.955+09:00  INFO 86348 --- [    Test worker] o.s.b.a.h2.H2ConsoleAutoConfiguration    : H2 console available at '/h2-console'. Database available at 'jdbc:mysql://festival-holic-db.cfifsc0ra5hp.ap-northeast-2.rds.amazonaws.com:3306/festival_holic_db?serverTimezone=Asia/Seoul&characterEncoding=UTF-8'
2023-11-01T22:19:19.980+09:00  INFO 86348 --- [    Test worker] c.g.f.FestivalHolicApplicationTests      : Started FestivalHolicApplicationTests in 2.937 seconds (process running for 3.478)
]]></system-out>
  <system-err><![CDATA[]]></system-err>
</testsuite>
